#
# A fatal error has been detected by the Java Runtime Environment:
#
#  EXCEPTION_ACCESS_VIOLATION (0xc0000005) at pc=0x00007ffb2a35f205, pid=24956, tid=11084
#
# JRE version: Java(TM) SE Runtime Environment (19.0.2+7) (build 19.0.2+7-44)
# Java VM: Java HotSpot(TM) 64-Bit Server VM (19.0.2+7-44, mixed mode, sharing, tiered, compressed oops, compressed class ptrs, g1 gc, windows-amd64)
# Problematic frame:
# C  [atio6axx.dll+0xef205]
#
# No core dump will be written. Minidumps are not enabled by default on client versions of Windows
#
# If you would like to submit a bug report, please visit:
#   https://bugreport.java.com/bugreport/crash.jsp
# The crash happened outside the Java Virtual Machine in native code.
# See problematic frame for where to report the bug.
#

---------------  S U M M A R Y ------------

Command Line: -Dfile.encoding=windows-1252 -Duser.country=US -Duser.language=en -Duser.variant Main

Host: AMD Ryzen 5 1600 Six-Core Processor            , 12 cores, 15G,  Windows 10 , 64 bit Build 19041 (10.0.19041.3636)
Time: Fri Nov 17 20:52:48 2023 W. Europe Standard Time elapsed time: 0.538812 seconds (0d 0h 0m 0s)

---------------  T H R E A D  ---------------

Current thread (0x0000026663ecc720):  JavaThread "main" [_thread_in_native, id=11084, stack(0x000000f4c4600000,0x000000f4c4700000)]

Stack: [0x000000f4c4600000,0x000000f4c4700000],  sp=0x000000f4c46fefb8,  free space=1019k
Native frames: (J=compiled Java code, j=interpreted, Vv=VM code, C=native code)
C  [atio6axx.dll+0xef205]

Java frames: (J=compiled Java code, j=interpreted, Vv=VM code)
j  org.lwjgl.opengl.GL11C.nglDrawElements(IIIJ)V+0
j  org.lwjgl.opengl.GL11C.glDrawElements(IIIJ)V+4
j  org.lwjgl.opengl.GL11.glDrawElements(IIIJ)V+4
j  Inferno.LevelEditorScene.update(F)V+32
j  Inferno.Window.loop()V+56
j  Inferno.Window.run()V+19
j  Main.main([Ljava/lang/String;)V+5
v  ~StubRoutines::call_stub 0x000002667337100e

siginfo: EXCEPTION_ACCESS_VIOLATION (0xc0000005), reading address 0x0000000000000000


Registers:
RAX=0x00007ffb2a35f205, RBX=0x0000000000000018, RCX=0x00000266178e9700, RDX=0x0000000000000000
RSP=0x000000f4c46fefb8, RBP=0x00000266177b93c0, RSI=0x0000026617676080, RDI=0x00000266178e96d8
R8 =0x0000000000000018, R9 =0x00007ffb2a270000, R10=0x00007ffb2bbac18f, R11=0x00007ffb2c5a735f
R12=0x0000000000000018, R13=0x0000000000000018, R14=0x0000000000000000, R15=0x0000000000000000
RIP=0x00007ffb2a35f205, EFLAGS=0x0000000000010206


Register to memory mapping:

RIP=0x00007ffb2a35f205 atio6axx.dll
RAX=0x00007ffb2a35f205 atio6axx.dll
RBX=0x0000000000000018 is an unknown value
RCX=0x00000266178e9700 points into unknown readable memory: 0x0000000000000000 | 00 00 00 00 00 00 00 00
RDX=0x0 is NULL
RSP=0x000000f4c46fefb8 is pointing into the stack for thread: 0x0000026663ecc720
RBP=0x00000266177b93c0 points into unknown readable memory: 0x00000266178e2040 | 40 20 8e 17 66 02 00 00
RSI=0x0000026617676080 points into unknown readable memory: 0x00007ffb2dde0ad8 | d8 0a de 2d fb 7f 00 00
RDI=0x00000266178e96d8 points into unknown readable memory: 0x0000000000000000 | 00 00 00 00 00 00 00 00
R8 =0x0000000000000018 is an unknown value
R9 =0x00007ffb2a270000 atio6axx.dll
R10=0x00007ffb2bbac18f atio6axx.dll
R11=0x00007ffb2c5a735f atio6axx.dll
R12=0x0000000000000018 is an unknown value
R13=0x0000000000000018 is an unknown value
R14=0x0 is NULL
R15=0x0 is NULL


Top of Stack: (sp=0x000000f4c46fefb8)
0x000000f4c46fefb8:   00007ffb2a8b08c1 0000000000000000
0x000000f4c46fefc8:   00000266733a7000 0000026600000400
0x000000f4c46fefd8:   000000f4c46fefe0 00000266178e9700
0x000000f4c46fefe8:   00000266178e96d8 0000000000000040
0x000000f4c46feff8:   00007ffb2bbaba7e 0000000000000007
0x000000f4c46ff008:   0000000000000004 0000000000001405
0x000000f4c46ff018:   00000266085b2b70 0000000000000000
0x000000f4c46ff028:   0000026616986588 0000000000000006
0x000000f4c46ff038:   0000026617676080 0000000000000000
0x000000f4c46ff048:   00007ffb2a99bd55 0000026617676080
0x000000f4c46ff058:   0000026600000004 0000000000000006
0x000000f4c46ff068:   0000026600001405 0000000000000000
0x000000f4c46ff078:   00007ffb00000001 0000000000000000
0x000000f4c46ff088:   0000000000000004 0000026617676080
0x000000f4c46ff098:   0000003800000000 0000026616986588
0x000000f4c46ff0a8:   000000f4c46ff200 0000000000000006 

Instructions: (pc=0x00007ffb2a35f205)
0x00007ffb2a35f105:   08 c3 f2 0f 10 02 f2 0f 11 01 0f b7 42 08 66 89
0x00007ffb2a35f115:   41 08 0f b6 42 0a 88 41 0a c3 f2 0f 10 02 f2 0f
0x00007ffb2a35f125:   11 01 8b 42 08 89 41 08 c3 f2 0f 10 02 f2 0f 11
0x00007ffb2a35f135:   01 8b 42 08 89 41 08 0f b6 42 0c 88 41 0c c3 f2
0x00007ffb2a35f145:   0f 10 02 f2 0f 11 01 8b 42 08 89 41 08 0f b7 42
0x00007ffb2a35f155:   0c 66 89 41 0c c3 f2 0f 10 02 f2 0f 11 01 8b 42
0x00007ffb2a35f165:   08 89 41 08 0f b7 42 0c 66 89 41 0c 0f b6 42 0e
0x00007ffb2a35f175:   88 41 0e c3 0f 10 02 0f 11 01 c3 0f 10 02 0f 11
0x00007ffb2a35f185:   01 0f b6 42 10 88 41 10 c3 0f 10 02 0f 11 01 0f
0x00007ffb2a35f195:   b7 42 10 66 89 41 10 c3 0f 10 02 0f 11 01 0f b7
0x00007ffb2a35f1a5:   42 10 66 89 41 10 0f b6 42 12 88 41 12 c3 0f 10
0x00007ffb2a35f1b5:   02 0f 11 01 8b 42 10 89 41 10 c3 0f 10 02 0f 11
0x00007ffb2a35f1c5:   01 8b 42 10 89 41 10 0f b6 42 14 88 41 14 c3 0f
0x00007ffb2a35f1d5:   10 02 0f 11 01 8b 42 10 89 41 10 0f b7 42 14 66
0x00007ffb2a35f1e5:   89 41 14 c3 0f 10 02 0f 11 01 8b 42 10 89 41 10
0x00007ffb2a35f1f5:   0f b7 42 14 66 89 41 14 0f b6 42 16 88 41 16 c3
0x00007ffb2a35f205:   0f 10 02 0f 11 01 f2 0f 10 4a 10 f2 0f 11 49 10
0x00007ffb2a35f215:   c3 0f 10 02 0f 11 01 f2 0f 10 4a 10 f2 0f 11 49
0x00007ffb2a35f225:   10 0f b6 42 18 88 41 18 c3 0f 10 02 0f 11 01 f2
0x00007ffb2a35f235:   0f 10 4a 10 f2 0f 11 49 10 0f b7 42 18 66 89 41
0x00007ffb2a35f245:   18 c3 0f 10 02 0f 11 01 f2 0f 10 4a 10 f2 0f 11
0x00007ffb2a35f255:   49 10 0f b7 42 18 66 89 41 18 0f b6 42 1a 88 41
0x00007ffb2a35f265:   1a c3 0f 10 02 0f 11 01 f2 0f 10 4a 10 f2 0f 11
0x00007ffb2a35f275:   49 10 8b 42 18 89 41 18 c3 0f 10 02 0f 11 01 f2
0x00007ffb2a35f285:   0f 10 4a 10 f2 0f 11 49 10 8b 42 18 89 41 18 0f
0x00007ffb2a35f295:   b6 42 1c 88 41 1c c3 0f 10 02 0f 11 01 f2 0f 10
0x00007ffb2a35f2a5:   4a 10 f2 0f 11 49 10 8b 42 18 89 41 18 0f b7 42
0x00007ffb2a35f2b5:   1c 66 89 41 1c c3 0f 10 02 0f 11 01 f2 0f 10 4a
0x00007ffb2a35f2c5:   10 f2 0f 11 49 10 8b 42 18 89 41 18 0f b7 42 1c
0x00007ffb2a35f2d5:   66 89 41 1c 0f b6 42 1e 88 41 1e c3 0f 10 02 0f
0x00007ffb2a35f2e5:   11 01 0f 10 4a 10 0f 11 49 10 c3 0f 10 02 0f 11
0x00007ffb2a35f2f5:   01 0f 10 4a 10 0f 11 49 10 0f b6 42 20 88 41 20 


Stack slot to memory mapping:
stack at sp + 0 slots: 0x00007ffb2a8b08c1 atio6axx.dll
stack at sp + 1 slots: 0x0 is NULL
stack at sp + 2 slots: 0x00000266733a7000 is at code_begin+0 in 
[CodeBlob (0x00000266733a6f90)]
Framesize: 0
BufferBlob (0x00000266733a6f90) used for Signature Handler Temp Buffer
stack at sp + 3 slots: 0x0000026600000400 points into unknown readable memory: 0x0000000000000000 | 00 00 00 00 00 00 00 00
stack at sp + 4 slots: 0x000000f4c46fefe0 is pointing into the stack for thread: 0x0000026663ecc720
stack at sp + 5 slots: 0x00000266178e9700 points into unknown readable memory: 0x0000000000000000 | 00 00 00 00 00 00 00 00
stack at sp + 6 slots: 0x00000266178e96d8 points into unknown readable memory: 0x0000000000000000 | 00 00 00 00 00 00 00 00
stack at sp + 7 slots: 0x0000000000000040 is an unknown value


---------------  P R O C E S S  ---------------

Threads class SMR info:
_java_thread_list=0x000002660c94aaa0, length=12, elements={
0x0000026663ecc720, 0x000002667f7f42e0, 0x000002667f7f50d0, 0x000002667f7f8410,
0x000002667f7fa110, 0x000002667f7fc660, 0x000002667f7fecf0, 0x000002667f802ce0,
0x000002667f80e290, 0x000002667f818810, 0x000002660c1f6120, 0x000002660c1f6bc0
}

Java Threads: ( => current thread )
=>0x0000026663ecc720 JavaThread "main" [_thread_in_native, id=11084, stack(0x000000f4c4600000,0x000000f4c4700000)]
  0x000002667f7f42e0 JavaThread "Reference Handler" daemon [_thread_blocked, id=25368, stack(0x000000f4c4d00000,0x000000f4c4e00000)]
  0x000002667f7f50d0 JavaThread "Finalizer" daemon [_thread_blocked, id=24736, stack(0x000000f4c4e00000,0x000000f4c4f00000)]
  0x000002667f7f8410 JavaThread "Signal Dispatcher" daemon [_thread_blocked, id=1332, stack(0x000000f4c4f00000,0x000000f4c5000000)]
  0x000002667f7fa110 JavaThread "Attach Listener" daemon [_thread_blocked, id=4832, stack(0x000000f4c5000000,0x000000f4c5100000)]
  0x000002667f7fc660 JavaThread "Service Thread" daemon [_thread_blocked, id=22956, stack(0x000000f4c5100000,0x000000f4c5200000)]
  0x000002667f7fecf0 JavaThread "Monitor Deflation Thread" daemon [_thread_blocked, id=18576, stack(0x000000f4c5200000,0x000000f4c5300000)]
  0x000002667f802ce0 JavaThread "C2 CompilerThread0" daemon [_thread_blocked, id=24260, stack(0x000000f4c5300000,0x000000f4c5400000)]
  0x000002667f80e290 JavaThread "C1 CompilerThread0" daemon [_thread_blocked, id=25240, stack(0x000000f4c5400000,0x000000f4c5500000)]
  0x000002667f818810 JavaThread "Sweeper thread" daemon [_thread_blocked, id=8788, stack(0x000000f4c5500000,0x000000f4c5600000)]
  0x000002660c1f6120 JavaThread "Notification Thread" daemon [_thread_blocked, id=21232, stack(0x000000f4c5600000,0x000000f4c5700000)]
  0x000002660c1f6bc0 JavaThread "Common-Cleaner" daemon [_thread_blocked, id=21572, stack(0x000000f4c5800000,0x000000f4c5900000)]

Other Threads:
  0x000002667f7d99c0 VMThread "VM Thread" [stack: 0x000000f4c4c00000,0x000000f4c4d00000] [id=15264]
  0x000002660c1fab00 WatcherThread "VM Periodic Task Thread" [stack: 0x000000f4c5700000,0x000000f4c5800000] [id=6804]
  0x0000026663f3ffe0 WorkerThread "GC Thread#0" [stack: 0x000000f4c4700000,0x000000f4c4800000] [id=19216]
  0x0000026663f50fb0 ConcurrentGCThread "G1 Main Marker" [stack: 0x000000f4c4800000,0x000000f4c4900000] [id=24520]
  0x0000026663f53190 WorkerThread "G1 Conc#0" [stack: 0x000000f4c4900000,0x000000f4c4a00000] [id=21776]
  0x0000026663f9e6b0 ConcurrentGCThread "G1 Refine#0" [stack: 0x000000f4c4a00000,0x000000f4c4b00000] [id=23828]
  0x000002667f6933c0 ConcurrentGCThread "G1 Service" [stack: 0x000000f4c4b00000,0x000000f4c4c00000] [id=23108]

Threads with active compile tasks:

VM state: not at safepoint (normal execution)

VM Mutex/Monitor currently owned by a thread: None

Heap address: 0x0000000701200000, size: 4078 MB, Compressed Oops mode: Zero based, Oop shift amount: 3

CDS archive(s) mapped at: [0x0000000800000000-0x0000000800c40000-0x0000000800c40000), size 12845056, SharedBaseAddress: 0x0000000800000000, ArchiveRelocationMode: 0.
Compressed class space mapped at: 0x0000000801000000-0x0000000841000000, reserved size: 1073741824
Narrow klass base: 0x0000000800000000, Narrow klass shift: 0, Narrow klass range: 0x100000000

GC Precious Log:
 CardTable entry size: 512
 Card Set container configuration: InlinePtr #cards 4 size 8 Array Of Cards #cards 16 size 48 Howl #buckets 8 coarsen threshold 3686 Howl Bitmap #cards 512 size 80 coarsen threshold 460 Card regions per heap region 1 cards per card region 4096
 CPUs: 12 total, 12 available
 Memory: 16309M
 Large Page Support: Disabled
 NUMA Support: Disabled
 Compressed Oops: Enabled (Zero based)
 Heap Region Size: 2M
 Heap Min Capacity: 8M
 Heap Initial Capacity: 256M
 Heap Max Capacity: 4078M
 Pre-touch: Disabled
 Parallel Workers: 10
 Concurrent Workers: 3
 Concurrent Refinement Workers: 10
 Periodic GC: Disabled

Heap:
 garbage-first heap   total 262144K, used 8192K [0x0000000701200000, 0x0000000800000000)
  region size 2048K, 5 young (10240K), 0 survivors (0K)
 Metaspace       used 4104K, committed 4288K, reserved 1114112K
  class space    used 229K, committed 320K, reserved 1048576K

Heap Regions: E=young(eden), S=young(survivor), O=old, HS=humongous(starts), HC=humongous(continues), CS=collection set, F=free, OA=open archive, CA=closed archive, TAMS=top-at-mark-start (previous, next)
|   0|0x0000000701200000, 0x0000000701200000, 0x0000000701400000|  0%| F|  |TAMS 0x0000000701200000, 0x0000000701200000| Untracked 
|   1|0x0000000701400000, 0x0000000701400000, 0x0000000701600000|  0%| F|  |TAMS 0x0000000701400000, 0x0000000701400000| Untracked 
|   2|0x0000000701600000, 0x0000000701600000, 0x0000000701800000|  0%| F|  |TAMS 0x0000000701600000, 0x0000000701600000| Untracked 
|   3|0x0000000701800000, 0x0000000701800000, 0x0000000701a00000|  0%| F|  |TAMS 0x0000000701800000, 0x0000000701800000| Untracked 
|   4|0x0000000701a00000, 0x0000000701a00000, 0x0000000701c00000|  0%| F|  |TAMS 0x0000000701a00000, 0x0000000701a00000| Untracked 
|   5|0x0000000701c00000, 0x0000000701c00000, 0x0000000701e00000|  0%| F|  |TAMS 0x0000000701c00000, 0x0000000701c00000| Untracked 
|   6|0x0000000701e00000, 0x0000000701e00000, 0x0000000702000000|  0%| F|  |TAMS 0x0000000701e00000, 0x0000000701e00000| Untracked 
|   7|0x0000000702000000, 0x0000000702000000, 0x0000000702200000|  0%| F|  |TAMS 0x0000000702000000, 0x0000000702000000| Untracked 
|   8|0x0000000702200000, 0x0000000702200000, 0x0000000702400000|  0%| F|  |TAMS 0x0000000702200000, 0x0000000702200000| Untracked 
|   9|0x0000000702400000, 0x0000000702400000, 0x0000000702600000|  0%| F|  |TAMS 0x0000000702400000, 0x0000000702400000| Untracked 
|  10|0x0000000702600000, 0x0000000702600000, 0x0000000702800000|  0%| F|  |TAMS 0x0000000702600000, 0x0000000702600000| Untracked 
|  11|0x0000000702800000, 0x0000000702800000, 0x0000000702a00000|  0%| F|  |TAMS 0x0000000702800000, 0x0000000702800000| Untracked 
|  12|0x0000000702a00000, 0x0000000702a00000, 0x0000000702c00000|  0%| F|  |TAMS 0x0000000702a00000, 0x0000000702a00000| Untracked 
|  13|0x0000000702c00000, 0x0000000702c00000, 0x0000000702e00000|  0%| F|  |TAMS 0x0000000702c00000, 0x0000000702c00000| Untracked 
|  14|0x0000000702e00000, 0x0000000702e00000, 0x0000000703000000|  0%| F|  |TAMS 0x0000000702e00000, 0x0000000702e00000| Untracked 
|  15|0x0000000703000000, 0x0000000703000000, 0x0000000703200000|  0%| F|  |TAMS 0x0000000703000000, 0x0000000703000000| Untracked 
|  16|0x0000000703200000, 0x0000000703200000, 0x0000000703400000|  0%| F|  |TAMS 0x0000000703200000, 0x0000000703200000| Untracked 
|  17|0x0000000703400000, 0x0000000703400000, 0x0000000703600000|  0%| F|  |TAMS 0x0000000703400000, 0x0000000703400000| Untracked 
|  18|0x0000000703600000, 0x0000000703600000, 0x0000000703800000|  0%| F|  |TAMS 0x0000000703600000, 0x0000000703600000| Untracked 
|  19|0x0000000703800000, 0x0000000703800000, 0x0000000703a00000|  0%| F|  |TAMS 0x0000000703800000, 0x0000000703800000| Untracked 
|  20|0x0000000703a00000, 0x0000000703a00000, 0x0000000703c00000|  0%| F|  |TAMS 0x0000000703a00000, 0x0000000703a00000| Untracked 
|  21|0x0000000703c00000, 0x0000000703c00000, 0x0000000703e00000|  0%| F|  |TAMS 0x0000000703c00000, 0x0000000703c00000| Untracked 
|  22|0x0000000703e00000, 0x0000000703e00000, 0x0000000704000000|  0%| F|  |TAMS 0x0000000703e00000, 0x0000000703e00000| Untracked 
|  23|0x0000000704000000, 0x0000000704000000, 0x0000000704200000|  0%| F|  |TAMS 0x0000000704000000, 0x0000000704000000| Untracked 
|  24|0x0000000704200000, 0x0000000704200000, 0x0000000704400000|  0%| F|  |TAMS 0x0000000704200000, 0x0000000704200000| Untracked 
|  25|0x0000000704400000, 0x0000000704400000, 0x0000000704600000|  0%| F|  |TAMS 0x0000000704400000, 0x0000000704400000| Untracked 
|  26|0x0000000704600000, 0x0000000704600000, 0x0000000704800000|  0%| F|  |TAMS 0x0000000704600000, 0x0000000704600000| Untracked 
|  27|0x0000000704800000, 0x0000000704800000, 0x0000000704a00000|  0%| F|  |TAMS 0x0000000704800000, 0x0000000704800000| Untracked 
|  28|0x0000000704a00000, 0x0000000704a00000, 0x0000000704c00000|  0%| F|  |TAMS 0x0000000704a00000, 0x0000000704a00000| Untracked 
|  29|0x0000000704c00000, 0x0000000704c00000, 0x0000000704e00000|  0%| F|  |TAMS 0x0000000704c00000, 0x0000000704c00000| Untracked 
|  30|0x0000000704e00000, 0x0000000704e00000, 0x0000000705000000|  0%| F|  |TAMS 0x0000000704e00000, 0x0000000704e00000| Untracked 
|  31|0x0000000705000000, 0x0000000705000000, 0x0000000705200000|  0%| F|  |TAMS 0x0000000705000000, 0x0000000705000000| Untracked 
|  32|0x0000000705200000, 0x0000000705200000, 0x0000000705400000|  0%| F|  |TAMS 0x0000000705200000, 0x0000000705200000| Untracked 
|  33|0x0000000705400000, 0x0000000705400000, 0x0000000705600000|  0%| F|  |TAMS 0x0000000705400000, 0x0000000705400000| Untracked 
|  34|0x0000000705600000, 0x0000000705600000, 0x0000000705800000|  0%| F|  |TAMS 0x0000000705600000, 0x0000000705600000| Untracked 
|  35|0x0000000705800000, 0x0000000705800000, 0x0000000705a00000|  0%| F|  |TAMS 0x0000000705800000, 0x0000000705800000| Untracked 
|  36|0x0000000705a00000, 0x0000000705a00000, 0x0000000705c00000|  0%| F|  |TAMS 0x0000000705a00000, 0x0000000705a00000| Untracked 
|  37|0x0000000705c00000, 0x0000000705c00000, 0x0000000705e00000|  0%| F|  |TAMS 0x0000000705c00000, 0x0000000705c00000| Untracked 
|  38|0x0000000705e00000, 0x0000000705e00000, 0x0000000706000000|  0%| F|  |TAMS 0x0000000705e00000, 0x0000000705e00000| Untracked 
|  39|0x0000000706000000, 0x0000000706000000, 0x0000000706200000|  0%| F|  |TAMS 0x0000000706000000, 0x0000000706000000| Untracked 
|  40|0x0000000706200000, 0x0000000706200000, 0x0000000706400000|  0%| F|  |TAMS 0x0000000706200000, 0x0000000706200000| Untracked 
|  41|0x0000000706400000, 0x0000000706400000, 0x0000000706600000|  0%| F|  |TAMS 0x0000000706400000, 0x0000000706400000| Untracked 
|  42|0x0000000706600000, 0x0000000706600000, 0x0000000706800000|  0%| F|  |TAMS 0x0000000706600000, 0x0000000706600000| Untracked 
|  43|0x0000000706800000, 0x0000000706800000, 0x0000000706a00000|  0%| F|  |TAMS 0x0000000706800000, 0x0000000706800000| Untracked 
|  44|0x0000000706a00000, 0x0000000706a00000, 0x0000000706c00000|  0%| F|  |TAMS 0x0000000706a00000, 0x0000000706a00000| Untracked 
|  45|0x0000000706c00000, 0x0000000706c00000, 0x0000000706e00000|  0%| F|  |TAMS 0x0000000706c00000, 0x0000000706c00000| Untracked 
|  46|0x0000000706e00000, 0x0000000706e00000, 0x0000000707000000|  0%| F|  |TAMS 0x0000000706e00000, 0x0000000706e00000| Untracked 
|  47|0x0000000707000000, 0x0000000707000000, 0x0000000707200000|  0%| F|  |TAMS 0x0000000707000000, 0x0000000707000000| Untracked 
|  48|0x0000000707200000, 0x0000000707200000, 0x0000000707400000|  0%| F|  |TAMS 0x0000000707200000, 0x0000000707200000| Untracked 
|  49|0x0000000707400000, 0x0000000707400000, 0x0000000707600000|  0%| F|  |TAMS 0x0000000707400000, 0x0000000707400000| Untracked 
|  50|0x0000000707600000, 0x0000000707600000, 0x0000000707800000|  0%| F|  |TAMS 0x0000000707600000, 0x0000000707600000| Untracked 
|  51|0x0000000707800000, 0x0000000707800000, 0x0000000707a00000|  0%| F|  |TAMS 0x0000000707800000, 0x0000000707800000| Untracked 
|  52|0x0000000707a00000, 0x0000000707a00000, 0x0000000707c00000|  0%| F|  |TAMS 0x0000000707a00000, 0x0000000707a00000| Untracked 
|  53|0x0000000707c00000, 0x0000000707c00000, 0x0000000707e00000|  0%| F|  |TAMS 0x0000000707c00000, 0x0000000707c00000| Untracked 
|  54|0x0000000707e00000, 0x0000000707e00000, 0x0000000708000000|  0%| F|  |TAMS 0x0000000707e00000, 0x0000000707e00000| Untracked 
|  55|0x0000000708000000, 0x0000000708000000, 0x0000000708200000|  0%| F|  |TAMS 0x0000000708000000, 0x0000000708000000| Untracked 
|  56|0x0000000708200000, 0x0000000708200000, 0x0000000708400000|  0%| F|  |TAMS 0x0000000708200000, 0x0000000708200000| Untracked 
|  57|0x0000000708400000, 0x0000000708400000, 0x0000000708600000|  0%| F|  |TAMS 0x0000000708400000, 0x0000000708400000| Untracked 
|  58|0x0000000708600000, 0x0000000708600000, 0x0000000708800000|  0%| F|  |TAMS 0x0000000708600000, 0x0000000708600000| Untracked 
|  59|0x0000000708800000, 0x0000000708800000, 0x0000000708a00000|  0%| F|  |TAMS 0x0000000708800000, 0x0000000708800000| Untracked 
|  60|0x0000000708a00000, 0x0000000708a00000, 0x0000000708c00000|  0%| F|  |TAMS 0x0000000708a00000, 0x0000000708a00000| Untracked 
|  61|0x0000000708c00000, 0x0000000708c00000, 0x0000000708e00000|  0%| F|  |TAMS 0x0000000708c00000, 0x0000000708c00000| Untracked 
|  62|0x0000000708e00000, 0x0000000708e00000, 0x0000000709000000|  0%| F|  |TAMS 0x0000000708e00000, 0x0000000708e00000| Untracked 
|  63|0x0000000709000000, 0x0000000709000000, 0x0000000709200000|  0%| F|  |TAMS 0x0000000709000000, 0x0000000709000000| Untracked 
|  64|0x0000000709200000, 0x0000000709200000, 0x0000000709400000|  0%| F|  |TAMS 0x0000000709200000, 0x0000000709200000| Untracked 
|  65|0x0000000709400000, 0x0000000709400000, 0x0000000709600000|  0%| F|  |TAMS 0x0000000709400000, 0x0000000709400000| Untracked 
|  66|0x0000000709600000, 0x0000000709600000, 0x0000000709800000|  0%| F|  |TAMS 0x0000000709600000, 0x0000000709600000| Untracked 
|  67|0x0000000709800000, 0x0000000709800000, 0x0000000709a00000|  0%| F|  |TAMS 0x0000000709800000, 0x0000000709800000| Untracked 
|  68|0x0000000709a00000, 0x0000000709a00000, 0x0000000709c00000|  0%| F|  |TAMS 0x0000000709a00000, 0x0000000709a00000| Untracked 
|  69|0x0000000709c00000, 0x0000000709c00000, 0x0000000709e00000|  0%| F|  |TAMS 0x0000000709c00000, 0x0000000709c00000| Untracked 
|  70|0x0000000709e00000, 0x0000000709e00000, 0x000000070a000000|  0%| F|  |TAMS 0x0000000709e00000, 0x0000000709e00000| Untracked 
|  71|0x000000070a000000, 0x000000070a000000, 0x000000070a200000|  0%| F|  |TAMS 0x000000070a000000, 0x000000070a000000| Untracked 
|  72|0x000000070a200000, 0x000000070a200000, 0x000000070a400000|  0%| F|  |TAMS 0x000000070a200000, 0x000000070a200000| Untracked 
|  73|0x000000070a400000, 0x000000070a400000, 0x000000070a600000|  0%| F|  |TAMS 0x000000070a400000, 0x000000070a400000| Untracked 
|  74|0x000000070a600000, 0x000000070a600000, 0x000000070a800000|  0%| F|  |TAMS 0x000000070a600000, 0x000000070a600000| Untracked 
|  75|0x000000070a800000, 0x000000070a800000, 0x000000070aa00000|  0%| F|  |TAMS 0x000000070a800000, 0x000000070a800000| Untracked 
|  76|0x000000070aa00000, 0x000000070aa00000, 0x000000070ac00000|  0%| F|  |TAMS 0x000000070aa00000, 0x000000070aa00000| Untracked 
|  77|0x000000070ac00000, 0x000000070ac00000, 0x000000070ae00000|  0%| F|  |TAMS 0x000000070ac00000, 0x000000070ac00000| Untracked 
|  78|0x000000070ae00000, 0x000000070ae00000, 0x000000070b000000|  0%| F|  |TAMS 0x000000070ae00000, 0x000000070ae00000| Untracked 
|  79|0x000000070b000000, 0x000000070b000000, 0x000000070b200000|  0%| F|  |TAMS 0x000000070b000000, 0x000000070b000000| Untracked 
|  80|0x000000070b200000, 0x000000070b200000, 0x000000070b400000|  0%| F|  |TAMS 0x000000070b200000, 0x000000070b200000| Untracked 
|  81|0x000000070b400000, 0x000000070b400000, 0x000000070b600000|  0%| F|  |TAMS 0x000000070b400000, 0x000000070b400000| Untracked 
|  82|0x000000070b600000, 0x000000070b600000, 0x000000070b800000|  0%| F|  |TAMS 0x000000070b600000, 0x000000070b600000| Untracked 
|  83|0x000000070b800000, 0x000000070b800000, 0x000000070ba00000|  0%| F|  |TAMS 0x000000070b800000, 0x000000070b800000| Untracked 
|  84|0x000000070ba00000, 0x000000070ba00000, 0x000000070bc00000|  0%| F|  |TAMS 0x000000070ba00000, 0x000000070ba00000| Untracked 
|  85|0x000000070bc00000, 0x000000070bc00000, 0x000000070be00000|  0%| F|  |TAMS 0x000000070bc00000, 0x000000070bc00000| Untracked 
|  86|0x000000070be00000, 0x000000070be00000, 0x000000070c000000|  0%| F|  |TAMS 0x000000070be00000, 0x000000070be00000| Untracked 
|  87|0x000000070c000000, 0x000000070c000000, 0x000000070c200000|  0%| F|  |TAMS 0x000000070c000000, 0x000000070c000000| Untracked 
|  88|0x000000070c200000, 0x000000070c200000, 0x000000070c400000|  0%| F|  |TAMS 0x000000070c200000, 0x000000070c200000| Untracked 
|  89|0x000000070c400000, 0x000000070c400000, 0x000000070c600000|  0%| F|  |TAMS 0x000000070c400000, 0x000000070c400000| Untracked 
|  90|0x000000070c600000, 0x000000070c600000, 0x000000070c800000|  0%| F|  |TAMS 0x000000070c600000, 0x000000070c600000| Untracked 
|  91|0x000000070c800000, 0x000000070c800000, 0x000000070ca00000|  0%| F|  |TAMS 0x000000070c800000, 0x000000070c800000| Untracked 
|  92|0x000000070ca00000, 0x000000070ca00000, 0x000000070cc00000|  0%| F|  |TAMS 0x000000070ca00000, 0x000000070ca00000| Untracked 
|  93|0x000000070cc00000, 0x000000070cc00000, 0x000000070ce00000|  0%| F|  |TAMS 0x000000070cc00000, 0x000000070cc00000| Untracked 
|  94|0x000000070ce00000, 0x000000070ce00000, 0x000000070d000000|  0%| F|  |TAMS 0x000000070ce00000, 0x000000070ce00000| Untracked 
|  95|0x000000070d000000, 0x000000070d000000, 0x000000070d200000|  0%| F|  |TAMS 0x000000070d000000, 0x000000070d000000| Untracked 
|  96|0x000000070d200000, 0x000000070d200000, 0x000000070d400000|  0%| F|  |TAMS 0x000000070d200000, 0x000000070d200000| Untracked 
|  97|0x000000070d400000, 0x000000070d400000, 0x000000070d600000|  0%| F|  |TAMS 0x000000070d400000, 0x000000070d400000| Untracked 
|  98|0x000000070d600000, 0x000000070d600000, 0x000000070d800000|  0%| F|  |TAMS 0x000000070d600000, 0x000000070d600000| Untracked 
|  99|0x000000070d800000, 0x000000070d800000, 0x000000070da00000|  0%| F|  |TAMS 0x000000070d800000, 0x000000070d800000| Untracked 
| 100|0x000000070da00000, 0x000000070da00000, 0x000000070dc00000|  0%| F|  |TAMS 0x000000070da00000, 0x000000070da00000| Untracked 
| 101|0x000000070dc00000, 0x000000070dc00000, 0x000000070de00000|  0%| F|  |TAMS 0x000000070dc00000, 0x000000070dc00000| Untracked 
| 102|0x000000070de00000, 0x000000070de00000, 0x000000070e000000|  0%| F|  |TAMS 0x000000070de00000, 0x000000070de00000| Untracked 
| 103|0x000000070e000000, 0x000000070e000000, 0x000000070e200000|  0%| F|  |TAMS 0x000000070e000000, 0x000000070e000000| Untracked 
| 104|0x000000070e200000, 0x000000070e200000, 0x000000070e400000|  0%| F|  |TAMS 0x000000070e200000, 0x000000070e200000| Untracked 
| 105|0x000000070e400000, 0x000000070e400000, 0x000000070e600000|  0%| F|  |TAMS 0x000000070e400000, 0x000000070e400000| Untracked 
| 106|0x000000070e600000, 0x000000070e600000, 0x000000070e800000|  0%| F|  |TAMS 0x000000070e600000, 0x000000070e600000| Untracked 
| 107|0x000000070e800000, 0x000000070e800000, 0x000000070ea00000|  0%| F|  |TAMS 0x000000070e800000, 0x000000070e800000| Untracked 
| 108|0x000000070ea00000, 0x000000070ea00000, 0x000000070ec00000|  0%| F|  |TAMS 0x000000070ea00000, 0x000000070ea00000| Untracked 
| 109|0x000000070ec00000, 0x000000070ec00000, 0x000000070ee00000|  0%| F|  |TAMS 0x000000070ec00000, 0x000000070ec00000| Untracked 
| 110|0x000000070ee00000, 0x000000070ee00000, 0x000000070f000000|  0%| F|  |TAMS 0x000000070ee00000, 0x000000070ee00000| Untracked 
| 111|0x000000070f000000, 0x000000070f000000, 0x000000070f200000|  0%| F|  |TAMS 0x000000070f000000, 0x000000070f000000| Untracked 
| 112|0x000000070f200000, 0x000000070f200000, 0x000000070f400000|  0%| F|  |TAMS 0x000000070f200000, 0x000000070f200000| Untracked 
| 113|0x000000070f400000, 0x000000070f400000, 0x000000070f600000|  0%| F|  |TAMS 0x000000070f400000, 0x000000070f400000| Untracked 
| 114|0x000000070f600000, 0x000000070f600000, 0x000000070f800000|  0%| F|  |TAMS 0x000000070f600000, 0x000000070f600000| Untracked 
| 115|0x000000070f800000, 0x000000070f800000, 0x000000070fa00000|  0%| F|  |TAMS 0x000000070f800000, 0x000000070f800000| Untracked 
| 116|0x000000070fa00000, 0x000000070fa00000, 0x000000070fc00000|  0%| F|  |TAMS 0x000000070fa00000, 0x000000070fa00000| Untracked 
| 117|0x000000070fc00000, 0x000000070fc00000, 0x000000070fe00000|  0%| F|  |TAMS 0x000000070fc00000, 0x000000070fc00000| Untracked 
| 118|0x000000070fe00000, 0x000000070fe00000, 0x0000000710000000|  0%| F|  |TAMS 0x000000070fe00000, 0x000000070fe00000| Untracked 
| 119|0x0000000710000000, 0x0000000710000000, 0x0000000710200000|  0%| F|  |TAMS 0x0000000710000000, 0x0000000710000000| Untracked 
| 120|0x0000000710200000, 0x0000000710200000, 0x0000000710400000|  0%| F|  |TAMS 0x0000000710200000, 0x0000000710200000| Untracked 
| 121|0x0000000710400000, 0x0000000710400000, 0x0000000710600000|  0%| F|  |TAMS 0x0000000710400000, 0x0000000710400000| Untracked 
| 122|0x0000000710600000, 0x0000000710600000, 0x0000000710800000|  0%| F|  |TAMS 0x0000000710600000, 0x0000000710600000| Untracked 
| 123|0x0000000710800000, 0x00000007108f8008, 0x0000000710a00000| 48%| E|  |TAMS 0x0000000710800000, 0x0000000710800000| Complete 
| 124|0x0000000710a00000, 0x0000000710c00000, 0x0000000710c00000|100%| E|CS|TAMS 0x0000000710a00000, 0x0000000710a00000| Complete 
| 125|0x0000000710c00000, 0x0000000710e00000, 0x0000000710e00000|100%| E|CS|TAMS 0x0000000710c00000, 0x0000000710c00000| Complete 
| 126|0x0000000710e00000, 0x0000000711000000, 0x0000000711000000|100%| E|CS|TAMS 0x0000000710e00000, 0x0000000710e00000| Complete 
| 127|0x0000000711000000, 0x0000000711200000, 0x0000000711200000|100%| E|CS|TAMS 0x0000000711000000, 0x0000000711000000| Complete 

Card table byte_map: [0x000002667bba0000,0x000002667c3a0000] _byte_map_base: 0x0000026678397000

Marking Bits (Prev, Next): (CMBitMap*) 0x0000026663f40610, (CMBitMap*) 0x0000026663f40650
 Prev Bits: [0x0000026600000000, 0x0000026603fb8000)
 Next Bits: [0x0000026603fc0000, 0x0000026607f78000)

Polling page: 0x0000026661ee0000

Metaspace:

Usage:
  Non-class:      3.78 MB used.
      Class:    229.47 KB used.
       Both:      4.01 MB used.

Virtual space:
  Non-class space:       64.00 MB reserved,       3.88 MB (  6%) committed,  1 nodes.
      Class space:        1.00 GB reserved,     320.00 KB ( <1%) committed,  1 nodes.
             Both:        1.06 GB reserved,       4.19 MB ( <1%) committed. 

Chunk freelists:
   Non-Class:  1.81 MB
       Class:  3.63 MB
        Both:  5.44 MB

MaxMetaspaceSize: unlimited
CompressedClassSpaceSize: 1.00 GB
Initial GC threshold: 21.00 MB
Current GC threshold: 21.00 MB
CDS: on
MetaspaceReclaimPolicy: balanced
 - commit_granule_bytes: 65536.
 - commit_granule_words: 8192.
 - virtual_space_node_default_size: 8388608.
 - enlarge_chunks_in_place: 1.
 - new_chunks_are_fully_committed: 0.
 - uncommit_free_chunks: 1.
 - use_allocation_guard: 0.


Internal statistics:

num_allocs_failed_limit: 0.
num_arena_births: 94.
num_arena_deaths: 0.
num_vsnodes_births: 2.
num_vsnodes_deaths: 0.
num_space_committed: 65.
num_space_uncommitted: 0.
num_chunks_returned_to_freelist: 0.
num_chunks_taken_from_freelist: 196.
num_chunk_merges: 0.
num_chunk_splits: 129.
num_chunks_enlarged: 89.
num_inconsistent_stats: 0.

CodeHeap 'non-profiled nmethods': size=120000Kb used=209Kb max_used=209Kb free=119790Kb
 bounds [0x0000026673910000, 0x0000026673b80000, 0x000002667ae40000]
CodeHeap 'profiled nmethods': size=120000Kb used=1019Kb max_used=1019Kb free=118980Kb
 bounds [0x000002666be40000, 0x000002666c0b0000, 0x0000026673370000]
CodeHeap 'non-nmethods': size=5760Kb used=1697Kb max_used=1712Kb free=4062Kb
 bounds [0x0000026673370000, 0x00000266735e0000, 0x0000026673910000]
 total_blobs=1746 nmethods=697 adapters=960
 compilation: enabled
              stopped_count=0, restarted_count=0
 full_count=0

Compilation events (20 events):
Event: 0.525 Thread 0x000002667f80e290 nmethod 687 0x000002666bf39f10 code [0x000002666bf3a160, 0x000002666bf3acb8]
Event: 0.525 Thread 0x000002667f80e290  689       3       java.util.WeakHashMap::hash (28 bytes)
Event: 0.525 Thread 0x000002667f80e290 nmethod 689 0x000002666bf3b010 code [0x000002666bf3b1c0, 0x000002666bf3b3a8]
Event: 0.525 Thread 0x000002667f80e290  690       3       java.util.WeakHashMap::getTable (9 bytes)
Event: 0.525 Thread 0x000002667f80e290 nmethod 690 0x000002666bf3b490 code [0x000002666bf3b640, 0x000002666bf3b788]
Event: 0.525 Thread 0x000002667f80e290  691   !   3       java.util.WeakHashMap::expungeStaleEntries (139 bytes)
Event: 0.525 Thread 0x000002667f80e290 nmethod 691 0x000002666bf3b810 code [0x000002666bf3ba20, 0x000002666bf3c2e8]
Event: 0.525 Thread 0x000002667f80e290  692       3       java.util.WeakHashMap::indexFor (6 bytes)
Event: 0.526 Thread 0x000002667f80e290 nmethod 692 0x000002666bf3c710 code [0x000002666bf3c8a0, 0x000002666bf3c998]
Event: 0.526 Thread 0x000002667f80e290  688   !   3       jdk.internal.ref.PhantomCleanable::insert (53 bytes)
Event: 0.526 Thread 0x000002667f80e290 nmethod 688 0x000002666bf3ca10 code [0x000002666bf3cbc0, 0x000002666bf3cf58]
Event: 0.526 Thread 0x000002667f80e290  693       3       java.net.URL::isBuiltinStreamHandler (32 bytes)
Event: 0.527 Thread 0x000002667f80e290 nmethod 693 0x000002666bf3d110 code [0x000002666bf3d360, 0x000002666bf3dbf8]
Event: 0.527 Thread 0x000002667f80e290  694       3       java.net.URL::isBuiltinStreamHandler (8 bytes)
Event: 0.527 Thread 0x000002667f80e290 nmethod 694 0x000002666bf3df10 code [0x000002666bf3e0c0, 0x000002666bf3e288]
Event: 0.528 Thread 0x000002667f80e290  695       3       java.util.zip.ZipUtils::CENSIZ (9 bytes)
Event: 0.528 Thread 0x000002667f80e290 nmethod 695 0x000002666bf3e390 code [0x000002666bf3e540, 0x000002666bf3e818]
Event: 0.529 Thread 0x000002667f802ce0  696       4       java.lang.StringLatin1::replace (198 bytes)
Event: 0.529 Thread 0x000002667f80e290  697       3       java.util.zip.ZipUtils::CENLEN (9 bytes)
Event: 0.529 Thread 0x000002667f80e290 nmethod 697 0x000002666bf3e990 code [0x000002666bf3eb40, 0x000002666bf3ee18]

GC Heap History (0 events):
No events

Dll operation events (8 events):
Event: 0.009 Loaded shared library D:\Program Files\Java\jdk-19\bin\java.dll
Event: 0.016 Loaded shared library D:\Program Files\Java\jdk-19\bin\jsvml.dll
Event: 0.092 Loaded shared library D:\Program Files\Java\jdk-19\bin\net.dll
Event: 0.093 Loaded shared library D:\Program Files\Java\jdk-19\bin\nio.dll
Event: 0.096 Loaded shared library D:\Program Files\Java\jdk-19\bin\zip.dll
Event: 0.166 Loaded shared library D:\Program Files\Java\jdk-19\bin\jimage.dll
Event: 0.192 Loaded shared library C:\Users\Umut\AppData\Local\Temp\lwjgl_Umut\3.3.3+5\x64\lwjgl.dll
Event: 0.434 Loaded shared library C:\Users\Umut\AppData\Local\Temp\lwjgl_Umut\3.3.3+5\x64\lwjgl_opengl.dll

Deoptimization events (4 events):
Event: 0.170 Thread 0x0000026663ecc720 DEOPT PACKING pc=0x000002666be58d67 sp=0x000000f4c46fbbb0
Event: 0.170 Thread 0x0000026663ecc720 DEOPT UNPACKING pc=0x00000266733d7543 sp=0x000000f4c46fafd0 mode 0
Event: 0.229 Thread 0x0000026663ecc720 DEOPT PACKING pc=0x000002666be47151 sp=0x000000f4c46fbec0
Event: 0.229 Thread 0x0000026663ecc720 DEOPT UNPACKING pc=0x00000266733d7543 sp=0x000000f4c46fb338 mode 0

Classes loaded (20 events):
Event: 0.234 Loading class java/lang/foreign/MemorySegment
Event: 0.234 Loading class java/lang/foreign/Addressable
Event: 0.234 Loading class java/lang/foreign/Addressable done
Event: 0.234 Loading class java/lang/foreign/MemorySegment done
Event: 0.237 Loading class java/nio/InvalidMarkException
Event: 0.237 Loading class java/nio/InvalidMarkException done
Event: 0.237 Loading class java/nio/BufferUnderflowException
Event: 0.237 Loading class java/nio/BufferUnderflowException done
Event: 0.246 Loading class java/util/Formatter$FixedString
Event: 0.246 Loading class java/util/Formatter$FixedString done
Event: 0.258 Loading class java/lang/NoSuchFieldError
Event: 0.258 Loading class java/lang/NoSuchFieldError done
Event: 0.265 Loading class jdk/internal/reflect/MethodHandleIntegerFieldAccessorImpl
Event: 0.265 Loading class jdk/internal/reflect/MethodHandleIntegerFieldAccessorImpl done
Event: 0.441 Loading class jdk/internal/foreign/MemorySessionImpl
Event: 0.441 Loading class java/lang/foreign/MemorySession
Event: 0.441 Loading class java/lang/foreign/SegmentAllocator
Event: 0.441 Loading class java/lang/foreign/SegmentAllocator done
Event: 0.441 Loading class java/lang/foreign/MemorySession done
Event: 0.441 Loading class jdk/internal/foreign/MemorySessionImpl done

Classes unloaded (0 events):
No events

Classes redefined (0 events):
No events

Internal exceptions (20 events):
Event: 0.189 Thread 0x0000026663ecc720 Exception <a 'sun/nio/fs/WindowsException'{0x0000000710c38b58}> (0x0000000710c38b58) 
thrown [s\open\src\hotspot\share\prims\jni.cpp, line 517]
Event: 0.189 Thread 0x0000026663ecc720 Exception <a 'sun/nio/fs/WindowsException'{0x0000000710c39098}> (0x0000000710c39098) 
thrown [s\open\src\hotspot\share\prims\jni.cpp, line 517]
Event: 0.232 Thread 0x0000026663ecc720 Exception <a 'java/lang/NoSuchMethodError'{0x0000000710cd8ae8}: 'int java.lang.invoke.DirectMethodHandle$Holder.invokeStaticInit(java.lang.Object, java.lang.Object, int, long)'> (0x0000000710cd8ae8) 
thrown [s\open\src\hotspot\share\interpreter\linkResolver.cpp, line 774]
Event: 0.233 Thread 0x0000026663ecc720 Exception <a 'java/lang/NoSuchMethodError'{0x0000000710cde3b8}: 'java.lang.Object java.lang.invoke.DirectMethodHandle$Holder.newInvokeSpecial(java.lang.Object, java.lang.Object, int)'> (0x0000000710cde3b8) 
thrown [s\open\src\hotspot\share\interpreter\linkResolver.cpp, line 774]
Event: 0.235 Thread 0x0000026663ecc720 Exception <a 'java/lang/NoSuchMethodError'{0x0000000710cedf08}: 'int java.lang.invoke.DirectMethodHandle$Holder.invokeStaticInit(java.lang.Object, java.lang.Object, long, long)'> (0x0000000710cedf08) 
thrown [s\open\src\hotspot\share\interpreter\linkResolver.cpp, line 774]
Event: 0.236 Thread 0x0000026663ecc720 Exception <a 'java/lang/NoSuchMethodError'{0x0000000710cf3c98}: 'java.lang.Object java.lang.invoke.DirectMethodHandle$Holder.newInvokeSpecial(java.lang.Object, java.lang.Object, long)'> (0x0000000710cf3c98) 
thrown [s\open\src\hotspot\share\interpreter\linkResolver.cpp, line 774]
Event: 0.236 Thread 0x0000026663ecc720 Exception <a 'java/lang/NoSuchMethodError'{0x0000000710cf7570}: 'java.lang.Object java.lang.invoke.Invokers$Holder.linkToTargetMethod(java.lang.Object, long, java.lang.Object)'> (0x0000000710cf7570) 
thrown [s\open\src\hotspot\share\interpreter\linkResolver.cpp, line 774]
Event: 0.237 Thread 0x0000026663ecc720 Exception <a 'java/lang/NoSuchMethodError'{0x0000000710cfe9c8}: 'int java.lang.invoke.DirectMethodHandle$Holder.invokeStaticInit(java.lang.Object, java.lang.Object, java.lang.Object, long)'> (0x0000000710cfe9c8) 
thrown [s\open\src\hotspot\share\interpreter\linkResolver.cpp, line 774]
Event: 0.257 Thread 0x0000026663ecc720 Exception <a 'sun/nio/fs/WindowsException'{0x0000000710dae360}> (0x0000000710dae360) 
thrown [s\open\src\hotspot\share\prims\jni.cpp, line 517]
Event: 0.257 Thread 0x0000026663ecc720 Exception <a 'sun/nio/fs/WindowsException'{0x0000000710dae6b8}> (0x0000000710dae6b8) 
thrown [s\open\src\hotspot\share\prims\jni.cpp, line 517]
Event: 0.265 Thread 0x0000026663ecc720 Exception <a 'java/lang/NoSuchMethodError'{0x0000000710dcab10}: 'int java.lang.invoke.Invokers$Holder.invokeExact_MT(java.lang.Object, java.lang.Object)'> (0x0000000710dcab10) 
thrown [s\open\src\hotspot\share\interpreter\linkResolver.cpp, line 774]
Event: 0.394 Thread 0x0000026663ecc720 Exception <a 'java/lang/NoSuchMethodError'{0x0000000710a21710}: 'void java.lang.invoke.DirectMethodHandle$Holder.invokeStaticInit(java.lang.Object, long, double, double)'> (0x0000000710a21710) 
thrown [s\open\src\hotspot\share\interpreter\linkResolver.cpp, line 774]
Event: 0.396 Thread 0x0000026663ecc720 Exception <a 'java/lang/NoSuchMethodError'{0x0000000710a30b40}: 'void java.lang.invoke.DirectMethodHandle$Holder.invokeStaticInit(java.lang.Object, long, int, int, int)'> (0x0000000710a30b40) 
thrown [s\open\src\hotspot\share\interpreter\linkResolver.cpp, line 774]
Event: 0.400 Thread 0x0000026663ecc720 Exception <a 'java/lang/NoSuchMethodError'{0x0000000710a49298}: 'void java.lang.invoke.DirectMethodHandle$Holder.invokeStaticInit(java.lang.Object, long, int, int, int, int)'> (0x0000000710a49298) 
thrown [s\open\src\hotspot\share\interpreter\linkResolver.cpp, line 774]
Event: 0.425 Thread 0x0000026663ecc720 Exception <a 'java/lang/NoSuchMethodError'{0x0000000710a6bdc8}: 'void java.lang.System.load(java.lang.String, java.lang.Class)'> (0x0000000710a6bdc8) 
thrown [s\open\src\hotspot\share\interpreter\linkResolver.cpp, line 774]
Event: 0.426 Thread 0x0000026663ecc720 Exception <a 'java/lang/NoSuchMethodError'{0x0000000710a6ebd0}: 'void java.lang.System.loadLibrary(java.lang.String, java.lang.Class)'> (0x0000000710a6ebd0) 
thrown [s\open\src\hotspot\share\interpreter\linkResolver.cpp, line 774]
Event: 0.431 Thread 0x0000026663ecc720 Exception <a 'sun/nio/fs/WindowsException'{0x0000000710a7ece8}> (0x0000000710a7ece8) 
thrown [s\open\src\hotspot\share\prims\jni.cpp, line 517]
Event: 0.431 Thread 0x0000026663ecc720 Exception <a 'sun/nio/fs/WindowsException'{0x0000000710a7f078}> (0x0000000710a7f078) 
thrown [s\open\src\hotspot\share\prims\jni.cpp, line 517]
Event: 0.438 Thread 0x0000026663ecc720 Exception <a 'sun/nio/fs/WindowsException'{0x0000000710a88768}> (0x0000000710a88768) 
thrown [s\open\src\hotspot\share\prims\jni.cpp, line 517]
Event: 0.438 Thread 0x0000026663ecc720 Exception <a 'sun/nio/fs/WindowsException'{0x0000000710a88a38}> (0x0000000710a88a38) 
thrown [s\open\src\hotspot\share\prims\jni.cpp, line 517]

VM Operations (4 events):
Event: 0.097 Executing VM operation: HandshakeAllThreads
Event: 0.097 Executing VM operation: HandshakeAllThreads done
Event: 0.182 Executing VM operation: HandshakeAllThreads
Event: 0.182 Executing VM operation: HandshakeAllThreads done

Events (14 events):
Event: 0.017 Thread 0x0000026663ecc720 Thread added: 0x0000026663ecc720
Event: 0.029 Thread 0x000002667f7f42e0 Thread added: 0x000002667f7f42e0
Event: 0.029 Thread 0x000002667f7f50d0 Thread added: 0x000002667f7f50d0
Event: 0.029 Thread 0x000002667f7f8410 Thread added: 0x000002667f7f8410
Event: 0.029 Thread 0x000002667f7fa110 Thread added: 0x000002667f7fa110
Event: 0.029 Thread 0x000002667f7fc660 Thread added: 0x000002667f7fc660
Event: 0.029 Thread 0x000002667f7fecf0 Thread added: 0x000002667f7fecf0
Event: 0.030 Thread 0x000002667f802ce0 Thread added: 0x000002667f802ce0
Event: 0.030 Thread 0x000002667f80e290 Thread added: 0x000002667f80e290
Event: 0.030 Thread 0x000002667f818810 Thread added: 0x000002667f818810
Event: 0.078 Thread 0x000002660c1f6120 Thread added: 0x000002660c1f6120
Event: 0.082 Thread 0x000002660c1f6bc0 Thread added: 0x000002660c1f6bc0
Event: 0.228 Thread 0x000002660c4f2230 Thread added: 0x000002660c4f2230
Event: 0.393 Thread 0x000002660c4f2230 Thread exited: 0x000002660c4f2230


Dynamic libraries:
0x00007ff79f2b0000 - 0x00007ff79f2c0000 	D:\Program Files\Java\jdk-19\bin\java.exe
0x00007ffbf8f50000 - 0x00007ffbf9148000 	C:\Windows\SYSTEM32\ntdll.dll
0x00007ffbf7ed0000 - 0x00007ffbf7f8d000 	C:\Windows\System32\KERNEL32.DLL
0x00007ffbf6810000 - 0x00007ffbf6b06000 	C:\Windows\System32\KERNELBASE.dll
0x00007ffbf6630000 - 0x00007ffbf6730000 	C:\Windows\System32\ucrtbase.dll
0x00007ffbf0a20000 - 0x00007ffbf0a38000 	D:\Program Files\Java\jdk-19\bin\jli.dll
0x00007ffbf0840000 - 0x00007ffbf085b000 	D:\Program Files\Java\jdk-19\bin\VCRUNTIME140.dll
0x00007ffbf7630000 - 0x00007ffbf76df000 	C:\Windows\System32\ADVAPI32.dll
0x00007ffbf74f0000 - 0x00007ffbf758e000 	C:\Windows\System32\msvcrt.dll
0x00007ffbf8200000 - 0x00007ffbf829c000 	C:\Windows\System32\sechost.dll
0x00007ffbf8de0000 - 0x00007ffbf8f06000 	C:\Windows\System32\RPCRT4.dll
0x00007ffbf7f90000 - 0x00007ffbf812e000 	C:\Windows\System32\USER32.dll
0x00007ffbf6f10000 - 0x00007ffbf6f32000 	C:\Windows\System32\win32u.dll
0x00007ffbf8db0000 - 0x00007ffbf8ddc000 	C:\Windows\System32\GDI32.dll
0x00007ffbe93b0000 - 0x00007ffbe964a000 	C:\Windows\WinSxS\amd64_microsoft.windows.common-controls_6595b64144ccf1df_6.0.19041.3636_none_60b6a03d71f818d5\COMCTL32.dll
0x00007ffbf6df0000 - 0x00007ffbf6f0a000 	C:\Windows\System32\gdi32full.dll
0x00007ffbf6b10000 - 0x00007ffbf6bad000 	C:\Windows\System32\msvcp_win.dll
0x00007ffbebf70000 - 0x00007ffbebf7a000 	C:\Windows\SYSTEM32\VERSION.dll
0x00007ffbf7600000 - 0x00007ffbf7630000 	C:\Windows\System32\IMM32.DLL
0x00007ffbf24b0000 - 0x00007ffbf24bc000 	D:\Program Files\Java\jdk-19\bin\vcruntime140_1.dll
0x00007ffbd4fa0000 - 0x00007ffbd502e000 	D:\Program Files\Java\jdk-19\bin\msvcp140.dll
0x00007ffb698d0000 - 0x00007ffb6a590000 	D:\Program Files\Java\jdk-19\bin\server\jvm.dll
0x00007ffb9e9a0000 - 0x00007ffb9e9a9000 	C:\Windows\SYSTEM32\WSOCK32.dll
0x00007ffbebf80000 - 0x00007ffbebfa7000 	C:\Windows\SYSTEM32\WINMM.dll
0x00007ffbf82a0000 - 0x00007ffbf830b000 	C:\Windows\System32\WS2_32.dll
0x00007ffbf44d0000 - 0x00007ffbf44e2000 	C:\Windows\SYSTEM32\kernel.appcore.dll
0x00007ffbe6020000 - 0x00007ffbe602a000 	D:\Program Files\Java\jdk-19\bin\jimage.dll
0x00007ffbe7370000 - 0x00007ffbe7554000 	C:\Windows\SYSTEM32\DBGHELP.DLL
0x00007ffbe6cb0000 - 0x00007ffbe6ce4000 	C:\Windows\SYSTEM32\dbgcore.DLL
0x00007ffbf6bb0000 - 0x00007ffbf6c32000 	C:\Windows\System32\bcryptPrimitives.dll
0x00007ffbd58e0000 - 0x00007ffbd5906000 	D:\Program Files\Java\jdk-19\bin\java.dll
0x00007ffbd5120000 - 0x00007ffbd51f7000 	D:\Program Files\Java\jdk-19\bin\jsvml.dll
0x00007ffbf8660000 - 0x00007ffbf8da4000 	C:\Windows\System32\SHELL32.dll
0x00007ffbf46d0000 - 0x00007ffbf4e6b000 	C:\Windows\SYSTEM32\windows.storage.dll
0x00007ffbf70f0000 - 0x00007ffbf7444000 	C:\Windows\System32\combase.dll
0x00007ffbf5ec0000 - 0x00007ffbf5eed000 	C:\Windows\SYSTEM32\Wldp.dll
0x00007ffbf7e10000 - 0x00007ffbf7ebd000 	C:\Windows\System32\SHCORE.dll
0x00007ffbf6fb0000 - 0x00007ffbf7005000 	C:\Windows\System32\shlwapi.dll
0x00007ffbf6560000 - 0x00007ffbf6585000 	C:\Windows\SYSTEM32\profapi.dll
0x00007ffbe6000000 - 0x00007ffbe6013000 	D:\Program Files\Java\jdk-19\bin\net.dll
0x00007ffbecdb0000 - 0x00007ffbeceba000 	C:\Windows\SYSTEM32\WINHTTP.dll
0x00007ffbf5ca0000 - 0x00007ffbf5d0a000 	C:\Windows\system32\mswsock.dll
0x00007ffbd58c0000 - 0x00007ffbd58d6000 	D:\Program Files\Java\jdk-19\bin\nio.dll
0x00007ffbd58a0000 - 0x00007ffbd58b8000 	D:\Program Files\Java\jdk-19\bin\zip.dll
0x00007ffbd56c0000 - 0x00007ffbd573b000 	C:\Users\Umut\AppData\Local\Temp\lwjgl_Umut\3.3.3+5\x64\lwjgl.dll
0x00007ffbd5540000 - 0x00007ffbd55c2000 	C:\Users\Umut\AppData\Local\Temp\lwjgl_Umut\3.3.3+5\x64\glfw.dll
0x00007ffbe59e0000 - 0x00007ffbe5a25000 	C:\Windows\SYSTEM32\dinput8.dll
0x00007ffbeebb0000 - 0x00007ffbeebc1000 	C:\Windows\SYSTEM32\xinput1_4.dll
0x00007ffbf6da0000 - 0x00007ffbf6dee000 	C:\Windows\System32\cfgmgr32.dll
0x00007ffbf6350000 - 0x00007ffbf6383000 	C:\Windows\SYSTEM32\DEVOBJ.dll
0x00007ffbf41e0000 - 0x00007ffbf420f000 	C:\Windows\SYSTEM32\dwmapi.dll
0x00007ffbe54f0000 - 0x00007ffbe5642000 	C:\Windows\SYSTEM32\inputhost.dll
0x00007ffbf8130000 - 0x00007ffbf81fd000 	C:\Windows\System32\OLEAUT32.dll
0x00007ffbf2520000 - 0x00007ffbf2675000 	C:\Windows\SYSTEM32\wintypes.dll
0x00007ffbf3be0000 - 0x00007ffbf3cd2000 	C:\Windows\SYSTEM32\CoreMessaging.dll
0x00007ffbf3500000 - 0x00007ffbf385b000 	C:\Windows\SYSTEM32\CoreUIComponents.dll
0x00007ffbf2140000 - 0x00007ffbf2236000 	C:\Windows\SYSTEM32\PROPSYS.dll
0x00007ffbf5710000 - 0x00007ffbf5743000 	C:\Windows\SYSTEM32\ntmarta.dll
0x00007ffbf3fe0000 - 0x00007ffbf407e000 	C:\Windows\system32\uxtheme.dll
0x0000000061cb0000 - 0x0000000061cec000 	C:\Fraps\fraps64.dll
0x00007ffbf84c0000 - 0x00007ffbf85d4000 	C:\Windows\System32\MSCTF.dll
0x00007ffbabe80000 - 0x00007ffbabfa5000 	C:\Windows\SYSTEM32\opengl32.dll
0x00007ffbeeb80000 - 0x00007ffbeebac000 	C:\Windows\SYSTEM32\GLU32.dll
0x00007ffbf7d60000 - 0x00007ffbf7e09000 	C:\Windows\System32\clbcatq.dll
0x00007ffbf11a0000 - 0x00007ffbf11cd000 	C:\Windows\System32\DriverStore\FileRepository\u0395232.inf_amd64_8e46d5922b2c7146\B395288\atig6pxx.dll
0x00007ffb2a270000 - 0x00007ffb2e911000 	C:\Windows\System32\DriverStore\FileRepository\u0395232.inf_amd64_8e46d5922b2c7146\B395288\atio6axx.dll
0x00007ffbf7890000 - 0x00007ffbf7cfe000 	C:\Windows\System32\SETUPAPI.dll
0x00007ffbf67e0000 - 0x00007ffbf6807000 	C:\Windows\System32\bcrypt.dll
0x00007ffbe9eb0000 - 0x00007ffbe9ee5000 	C:\Windows\SYSTEM32\amdihk64.dll
0x00007ffbf6f40000 - 0x00007ffbf6fa7000 	C:\Windows\System32\WINTRUST.dll
0x00007ffbf6c40000 - 0x00007ffbf6d9d000 	C:\Windows\System32\CRYPT32.dll
0x00007ffbf6190000 - 0x00007ffbf61a2000 	C:\Windows\SYSTEM32\MSASN1.dll
0x00007ffbe5ee0000 - 0x00007ffbe5fda000 	C:\Windows\SYSTEM32\textinputframework.dll
0x00007ffbd54e0000 - 0x00007ffbd553e000 	C:\Users\Umut\AppData\Local\Temp\lwjgl_Umut\3.3.3+5\x64\lwjgl_opengl.dll

dbghelp: loaded successfully - version: 4.0.5 - missing functions: none
symbol engine: initialized successfully - sym options: 0x614 - pdb path: .;D:\Program Files\Java\jdk-19\bin;C:\Windows\SYSTEM32;C:\Windows\WinSxS\amd64_microsoft.windows.common-controls_6595b64144ccf1df_6.0.19041.3636_none_60b6a03d71f818d5;D:\Program Files\Java\jdk-19\bin\server;C:\Users\Umut\AppData\Local\Temp\lwjgl_Umut\3.3.3+5\x64;C:\Fraps;C:\Windows\System32\DriverStore\FileRepository\u0395232.inf_amd64_8e46d5922b2c7146\B395288

VM Arguments:
jvm_args: -Dfile.encoding=windows-1252 -Duser.country=US -Duser.language=en -Duser.variant 
java_command: Main
java_class_path (initial): C:\Users\Umut\IdeaProjects\Flappy\build\classes\java\main;C:\Users\Umut\IdeaProjects\Flappy\build\resources\main;C:\Users\Umut\.gradle\caches\modules-2\files-2.1\org.lwjgl\lwjgl-assimp\3.3.3\c2c34011cbda30ed8cf98bc5cbf97b49afe5279a\lwjgl-assimp-3.3.3.jar;C:\Users\Umut\.gradle\caches\modules-2\files-2.1\org.lwjgl\lwjgl-assimp\3.3.3\d90ccdade594716062975cffd1431d387f770ac4\lwjgl-assimp-3.3.3-natives-windows.jar;C:\Users\Umut\.gradle\caches\modules-2\files-2.1\org.lwjgl\lwjgl-bgfx\3.3.3\a19c4bfd1532863425098f05316726854aed8c51\lwjgl-bgfx-3.3.3.jar;C:\Users\Umut\.gradle\caches\modules-2\files-2.1\org.lwjgl\lwjgl-bgfx\3.3.3\2db0ad304f20677e9269311cb6cb5f4f2eed889\lwjgl-bgfx-3.3.3-natives-windows.jar;C:\Users\Umut\.gradle\caches\modules-2\files-2.1\org.lwjgl\lwjgl-glfw\3.3.3\efa1eb78c5ccd840e9f329717109b5e892d72f8e\lwjgl-glfw-3.3.3.jar;C:\Users\Umut\.gradle\caches\modules-2\files-2.1\org.lwjgl\lwjgl-glfw\3.3.3\e449e28b4891fc423c54c85fbc5bb0b9efece67a\lwjgl-glfw-3.3.3-natives-windows.jar;C:\Users\Umut\.gradle\caches\modules-2\files-2.1\org.lwjgl\lwjgl-nfd\3.3.3\f1b41d3a0a2f5cd2a55a6a59a618c87d0348681c\lwjgl-nfd-3.3.3.jar;C:\Users\Umut\.gradle\caches\modules-2\files-2.1\org.lwjgl\lwjgl-nfd\3.3.3\3a39132eef695dcb7631adc1d02e493527940d10\lwjgl-nfd-3.3.3-natives-windows.jar;C:\Users\Umut\.gradle\caches\modules-2\files-2.1\org.lwjgl\lwjgl-openal\3.3.3\daada81ceb5fc0c291fbfdd4433cb8d9423577f2\lwjgl-openal-3.3.3.jar;C:\Users\Umut\.gradle\caches\modules-2\files-2.1\org.lwjgl\lwjgl-openal\3.3.3\cf83862ae95d98496b26915024c7e666d8ab1c8f\lwjgl-openal-3.3.3-natives-windows.jar;C:\Users\Umut\.gradle\caches\modules-2\files-2.1\org.lwjgl\lwjgl-opengl\3.3.3\2f6b0147078396a58979125a4c947664e98293a\lwjgl-opengl-3.3.3.jar;C:\Users\Umut\.gradle\caches\modules-2\files-2.1\org.lwjgl\lwjgl-opengl\3.3.3\e6c1eec8be8a71951b830a4d69efc01c6531900c\lwjgl-opengl-3.3.3-natives-windows.jar;C:\Users\Umut\.gradle\caches\modules-2\files-2.1\org.lwjgl\lwjgl-stb\3.3.3\25dd6161988d7e65f71d5065c99902402ee32746\lwjgl-stb-3.3.3.jar;C:\Users\Umut\.gradle\caches\modules-2\files-2.1\org.lwjgl\lwjgl-stb\3.3.3\1d9facdf6541de114b0f963be33505b7679c78cb\lwjgl-stb-3.3.3-natives-windows.jar;C:\Users\Umut\.gradle\caches\modules-2\files-2.1\org.lwjgl\lwjgl\3.3.3\29589b5f87ed335a6c7e7ee6a5775f81f97ecb84\lwjgl-3.3.3.jar;C:\Users\Umut\.gradle\caches\modules-2\files-2.1\org.lwjgl\lwjgl\3.3.3\a5ed18a2b82fc91b81f40d717cb1f64c9dcb0540\lwjgl-3.3.3-natives-windows.jar;C:\Users\Umut\.gradle\caches\modules-2\files-2.1\org.joml\joml\1.10.5\22566d58af70ad3d72308bab63b8339906deb649\joml-1.10.5.jar
Launcher Type: SUN_STANDARD

[Global flags]
     intx CICompilerCount                          = 4                                         {product} {ergonomic}
     uint ConcGCThreads                            = 3                                         {product} {ergonomic}
     uint G1ConcRefinementThreads                  = 10                                        {product} {ergonomic}
   size_t G1HeapRegionSize                         = 2097152                                   {product} {ergonomic}
    uintx GCDrainStackTargetSize                   = 64                                        {product} {ergonomic}
   size_t InitialHeapSize                          = 268435456                                 {product} {ergonomic}
   size_t MarkStackSize                            = 4194304                                   {product} {ergonomic}
   size_t MaxHeapSize                              = 4276092928                                {product} {ergonomic}
   size_t MaxNewSize                               = 2564816896                                {product} {ergonomic}
   size_t MinHeapDeltaBytes                        = 2097152                                   {product} {ergonomic}
   size_t MinHeapSize                              = 8388608                                   {product} {ergonomic}
    uintx NonNMethodCodeHeapSize                   = 5839372                                {pd product} {ergonomic}
    uintx NonProfiledCodeHeapSize                  = 122909434                              {pd product} {ergonomic}
    uintx ProfiledCodeHeapSize                     = 122909434                              {pd product} {ergonomic}
    uintx ReservedCodeCacheSize                    = 251658240                              {pd product} {ergonomic}
     bool SegmentedCodeCache                       = true                                      {product} {ergonomic}
   size_t SoftMaxHeapSize                          = 4276092928                             {manageable} {ergonomic}
     bool UseCompressedClassPointers               = true                           {product lp64_product} {ergonomic}
     bool UseCompressedOops                        = true                           {product lp64_product} {ergonomic}
     bool UseG1GC                                  = true                                      {product} {ergonomic}
     bool UseLargePagesIndividualAllocation        = false                                  {pd product} {ergonomic}

Logging:
Log output configuration:
 #0: stdout all=warning uptime,level,tags foldmultilines=false
 #1: stderr all=off uptime,level,tags foldmultilines=false

Environment Variables:
JAVA_HOME=C:\Program Files (x86)\Java\jre-1.8
PATH=C:\Program Files (x86)\Common Files\Oracle\Java\javapath;C:\Windows\system32;C:\Windows;C:\Windows\System32\Wbem;C:\Windows\System32\WindowsPowerShell\v1.0\;C:\Windows\System32\OpenSSH\;C:\Program Files\dotnet\;C:\Program Files\Git\cmd;C:\Program Files\NASM;C:\Program Files (x86)\Windows Kits\10\Windows Performance Toolkit\;C:\Program Files\IDM Computer Solutions\UltraEdit;C:\Program Files (x86)\Java\jre-1.8\bin;C:\Users\Umut\AppData\Local\Microsoft\WindowsApps;C:\Users\Umut\AppData\Local\Programs\Microsoft VS Code\bin;C:\Users\Umut\AppData\Local\GitHubDesktop\bin;C:\Program Files\JetBrains\IntelliJ IDEA 2023.2.5\bin;
USERNAME=Umut
OS=Windows_NT
PROCESSOR_IDENTIFIER=AMD64 Family 23 Model 8 Stepping 2, AuthenticAMD
TMP=C:\Users\Umut\AppData\Local\Temp
TEMP=C:\Users\Umut\AppData\Local\Temp



---------------  S Y S T E M  ---------------

OS:
 Windows 10 , 64 bit Build 19041 (10.0.19041.3636)
OS uptime: 1 days 19:12 hours
Hyper-V role detected

CPU: total 12 (initial active 12) (12 cores per cpu, 2 threads per core) family 23 model 8 stepping 2 microcode 0x0, cx8, cmov, fxsr, ht, mmx, 3dnowpref, sse, sse2, sse3, ssse3, sse4a, sse4.1, sse4.2, popcnt, lzcnt, tsc, tscinvbit, avx, avx2, aes, clmul, bmi1, bmi2, adx, sha, fma, vzeroupper, clflush, clflushopt, hv, rdtscp

Memory: 4k page, system-wide physical 16309M (2890M free)
TotalPageFile size 35322M (AvailPageFile size 4827M)
current process WorkingSet (physical memory assigned to process): 102M, peak: 102M
current process commit charge ("private bytes"): 414M, peak: 414M

vm_info: Java HotSpot(TM) 64-Bit Server VM (19.0.2+7-44) for windows-amd64 JRE (19.0.2+7-44), built on 2022-11-30T18:02:09Z by "mach5one" with MS VC++ 17.1 (VS2022)

END.
